<?xml version="1.0" encoding="UTF-8"?>
<!-- Generated by org.testng.reporters.JUnitReportReporter -->
<testsuite hostname="LAPTOP-O0MMQ8B3" failures="0" tests="1" name="WebPageTesting.SeleniumTest" time="0.002" errors="0" timestamp="2020-07-27T16:14:51 IST" skipped="0">
  <testcase classname="WebPageTesting.SeleniumTest" name="Seltest" time="0.002"/>
  <system-out/>
</testsuite> <!-- WebPageTesting.SeleniumTest -->
