<?xml version="1.0" encoding="UTF-8"?>
<!-- Generated by org.testng.reporters.JUnitReportReporter -->
<testsuite hostname="LAPTOP-O0MMQ8B3" failures="0" tests="1" name="WebPageTesting.AppiumAddTest" time="0.005" errors="0" timestamp="2020-08-06T13:07:42 IST" skipped="0">
  <testcase classname="WebPageTesting.AppiumAddTest" name="Appaddtest" time="0.005"/>
  <system-out/>
</testsuite> <!-- WebPageTesting.AppiumAddTest -->
