<?xml version="1.0" encoding="UTF-8"?>
<!-- Generated by org.testng.reporters.JUnitReportReporter -->
<testsuite hostname="LAPTOP-O0MMQ8B3" failures="0" tests="1" name="WebPageTesting.SeleniumTest" time="0.001" errors="0" timestamp="2020-08-06T13:07:42 IST" skipped="0">
  <testcase classname="WebPageTesting.SeleniumTest" name="Seltest" time="0.001"/>
  <system-out/>
</testsuite> <!-- WebPageTesting.SeleniumTest -->
